-------------------------------------------------------------------------------
Test set: potatopeeps_test_cases.RunCucumberTest
-------------------------------------------------------------------------------
Tests run: 1, Failures: 0, Errors: 1, Skipped: 0, Time elapsed: 0.431 sec <<< FAILURE!
initializationError(potatopeeps_test_cases.RunCucumberTest)  Time elapsed: 0.009 sec  <<< ERROR!
cucumber.runtime.CucumberException: gherkin.ParserException$CompositeParserException: Parser errors:
(24:1): expected: #EOF, #TableRow, #DocStringSeparator, #StepLine, #TagLine, #ScenarioLine, #ScenarioOutlineLine, #Comment, #Empty, got 'Feature: Create an order'
	at cucumber.runtime.model.FeatureParser.parseResource(FeatureParser.java:40)
	at cucumber.runtime.model.FeatureBuilder.parse(FeatureBuilder.java:36)
	at cucumber.runtime.model.FeatureLoader.loadFromFeaturePath(FeatureLoader.java:49)
	at cucumber.runtime.model.FeatureLoader.load(FeatureLoader.java:36)
	at cucumber.runtime.model.FeatureLoader.load(FeatureLoader.java:22)
	at cucumber.runtime.FeaturePathFeatureSupplier.get(FeaturePathFeatureSupplier.java:23)
	at cucumber.api.junit.Cucumber.<init>(Cucumber.java:89)
	at sun.reflect.NativeConstructorAccessorImpl.newInstance0(Native Method)
	at sun.reflect.NativeConstructorAccessorImpl.newInstance(NativeConstructorAccessorImpl.java:62)
	at sun.reflect.DelegatingConstructorAccessorImpl.newInstance(DelegatingConstructorAccessorImpl.java:45)
	at java.lang.reflect.Constructor.newInstance(Constructor.java:423)
	at org.junit.internal.builders.AnnotatedBuilder.buildRunner(AnnotatedBuilder.java:104)
	at org.junit.internal.builders.AnnotatedBuilder.runnerForClass(AnnotatedBuilder.java:86)
	at org.junit.runners.model.RunnerBuilder.safeRunnerForClass(RunnerBuilder.java:59)
	at org.junit.internal.builders.AllDefaultPossibilitiesBuilder.runnerForClass(AllDefaultPossibilitiesBuilder.java:26)
	at org.junit.runners.model.RunnerBuilder.safeRunnerForClass(RunnerBuilder.java:59)
	at org.junit.internal.requests.ClassRequest.getRunner(ClassRequest.java:33)
	at org.apache.maven.surefire.junit4.JUnit4Provider.execute(JUnit4Provider.java:250)
	at org.apache.maven.surefire.junit4.JUnit4Provider.executeTestSet(JUnit4Provider.java:141)
	at org.apache.maven.surefire.junit4.JUnit4Provider.invoke(JUnit4Provider.java:112)
	at sun.reflect.NativeMethodAccessorImpl.invoke0(Native Method)
	at sun.reflect.NativeMethodAccessorImpl.invoke(NativeMethodAccessorImpl.java:62)
	at sun.reflect.DelegatingMethodAccessorImpl.invoke(DelegatingMethodAccessorImpl.java:43)
	at java.lang.reflect.Method.invoke(Method.java:498)
	at org.apache.maven.surefire.util.ReflectionUtils.invokeMethodWithArray(ReflectionUtils.java:189)
	at org.apache.maven.surefire.booter.ProviderFactory$ProviderProxy.invoke(ProviderFactory.java:165)
	at org.apache.maven.surefire.booter.ProviderFactory.invokeProvider(ProviderFactory.java:85)
	at org.apache.maven.surefire.booter.ForkedBooter.runSuitesInProcess(ForkedBooter.java:115)
	at org.apache.maven.surefire.booter.ForkedBooter.main(ForkedBooter.java:75)
Caused by: gherkin.ParserException$CompositeParserException: Parser errors:
(24:1): expected: #EOF, #TableRow, #DocStringSeparator, #StepLine, #TagLine, #ScenarioLine, #ScenarioOutlineLine, #Comment, #Empty, got 'Feature: Create an order'
	at gherkin.Parser.parse(Parser.java:143)
	at gherkin.Parser.parse(Parser.java:118)
	at gherkin.Parser.parse(Parser.java:114)
	at cucumber.runtime.model.FeatureParser.parseResource(FeatureParser.java:36)
	... 28 more

